[2025-06-12 17:21:13Z INFO HostContext] No proxy settings were found based on environmental variables (http_proxy/https_proxy/HTTP_PROXY/HTTPS_PROXY)
[2025-06-12 17:21:13Z INFO HostContext] Well known directory 'Bin': '/Users/yahya/Desktop/gestion-des-salles-de-tp/actions-runner/bin'
[2025-06-12 17:21:13Z INFO HostContext] Well known directory 'Root': '/Users/yahya/Desktop/gestion-des-salles-de-tp/actions-runner'
[2025-06-12 17:21:13Z INFO HostContext] Well known config file 'Credentials': '/Users/yahya/Desktop/gestion-des-salles-de-tp/actions-runner/.credentials'
[2025-06-12 17:21:13Z INFO HostContext] Well known directory 'Bin': '/Users/yahya/Desktop/gestion-des-salles-de-tp/actions-runner/bin'
[2025-06-12 17:21:13Z INFO HostContext] Well known directory 'Root': '/Users/yahya/Desktop/gestion-des-salles-de-tp/actions-runner'
[2025-06-12 17:21:13Z INFO HostContext] Well known config file 'Runner': '/Users/yahya/Desktop/gestion-des-salles-de-tp/actions-runner/.runner'
[2025-06-12 17:21:13Z INFO Listener] Runner is built for OSX (Arm64) - osx-arm64.
[2025-06-12 17:21:13Z INFO Listener] RuntimeInformation: Darwin 24.5.0 Darwin Kernel Version 24.5.0: Tue Apr 22 19:54:26 PDT 2025; root:xnu-11417.121.6~2/RELEASE_ARM64_T8112.
[2025-06-12 17:21:13Z INFO Listener] Version: 2.325.0
[2025-06-12 17:21:13Z INFO Listener] Commit: 71ed7cd46223bd5d61633445946813012b502d54
[2025-06-12 17:21:13Z INFO Listener] Culture: en-US
[2025-06-12 17:21:13Z INFO Listener] UI Culture: en-US
[2025-06-12 17:21:13Z INFO HostContext] Well known directory 'Bin': '/Users/yahya/Desktop/gestion-des-salles-de-tp/actions-runner/bin'
[2025-06-12 17:21:13Z INFO HostContext] Well known directory 'Root': '/Users/yahya/Desktop/gestion-des-salles-de-tp/actions-runner'
[2025-06-12 17:21:13Z INFO Listener] Validating directory permissions for: '/Users/yahya/Desktop/gestion-des-salles-de-tp/actions-runner'
[2025-06-12 17:21:13Z INFO CommandLineParser] Parse
[2025-06-12 17:21:13Z INFO CommandLineParser] Parsing 5 args
[2025-06-12 17:21:13Z INFO CommandLineParser] parsing argument
[2025-06-12 17:21:13Z INFO CommandLineParser] HasArgs: False
[2025-06-12 17:21:13Z INFO CommandLineParser] Adding Command: configure
[2025-06-12 17:21:13Z INFO CommandLineParser] parsing argument
[2025-06-12 17:21:13Z INFO CommandLineParser] HasArgs: True
[2025-06-12 17:21:13Z INFO CommandLineParser] arg: url
[2025-06-12 17:21:13Z INFO CommandLineParser] parsing argument
[2025-06-12 17:21:13Z INFO CommandLineParser] HasArgs: True
[2025-06-12 17:21:13Z INFO CommandLineParser] Adding option 'url': 'https://github.com/Yahya-Elamri/gestion-des-salles-de-tp'
[2025-06-12 17:21:13Z INFO CommandLineParser] parsing argument
[2025-06-12 17:21:13Z INFO CommandLineParser] HasArgs: True
[2025-06-12 17:21:13Z INFO CommandLineParser] arg: token
[2025-06-12 17:21:13Z INFO CommandLineParser] parsing argument
[2025-06-12 17:21:13Z INFO CommandLineParser] HasArgs: True
[2025-06-12 17:21:13Z INFO CommandLineParser] Adding option 'token': '***'
[2025-06-12 17:21:13Z INFO Listener] Arguments parsed
[2025-06-12 17:21:13Z INFO Runner] ExecuteCommand
[2025-06-12 17:21:13Z INFO ConfigurationStore] currentAssemblyLocation: /Users/yahya/Desktop/gestion-des-salles-de-tp/actions-runner/bin/Runner.Listener.dll
[2025-06-12 17:21:13Z INFO HostContext] Well known directory 'Bin': '/Users/yahya/Desktop/gestion-des-salles-de-tp/actions-runner/bin'
[2025-06-12 17:21:13Z INFO ConfigurationStore] binPath: /Users/yahya/Desktop/gestion-des-salles-de-tp/actions-runner/bin
[2025-06-12 17:21:13Z INFO HostContext] Well known directory 'Bin': '/Users/yahya/Desktop/gestion-des-salles-de-tp/actions-runner/bin'
[2025-06-12 17:21:13Z INFO HostContext] Well known directory 'Root': '/Users/yahya/Desktop/gestion-des-salles-de-tp/actions-runner'
[2025-06-12 17:21:13Z INFO ConfigurationStore] RootFolder: /Users/yahya/Desktop/gestion-des-salles-de-tp/actions-runner
[2025-06-12 17:21:13Z INFO HostContext] Well known directory 'Bin': '/Users/yahya/Desktop/gestion-des-salles-de-tp/actions-runner/bin'
[2025-06-12 17:21:13Z INFO HostContext] Well known directory 'Root': '/Users/yahya/Desktop/gestion-des-salles-de-tp/actions-runner'
[2025-06-12 17:21:13Z INFO HostContext] Well known config file 'Runner': '/Users/yahya/Desktop/gestion-des-salles-de-tp/actions-runner/.runner'
[2025-06-12 17:21:13Z INFO ConfigurationStore] ConfigFilePath: /Users/yahya/Desktop/gestion-des-salles-de-tp/actions-runner/.runner
[2025-06-12 17:21:13Z INFO HostContext] Well known directory 'Bin': '/Users/yahya/Desktop/gestion-des-salles-de-tp/actions-runner/bin'
[2025-06-12 17:21:13Z INFO HostContext] Well known directory 'Root': '/Users/yahya/Desktop/gestion-des-salles-de-tp/actions-runner'
[2025-06-12 17:21:13Z INFO HostContext] Well known config file 'MigratedRunner': '/Users/yahya/Desktop/gestion-des-salles-de-tp/actions-runner/.runner_migrated'
[2025-06-12 17:21:13Z INFO ConfigurationStore] MigratedConfigFilePath: /Users/yahya/Desktop/gestion-des-salles-de-tp/actions-runner/.runner_migrated
[2025-06-12 17:21:13Z INFO HostContext] Well known directory 'Bin': '/Users/yahya/Desktop/gestion-des-salles-de-tp/actions-runner/bin'
[2025-06-12 17:21:13Z INFO HostContext] Well known directory 'Root': '/Users/yahya/Desktop/gestion-des-salles-de-tp/actions-runner'
[2025-06-12 17:21:13Z INFO HostContext] Well known config file 'Credentials': '/Users/yahya/Desktop/gestion-des-salles-de-tp/actions-runner/.credentials'
[2025-06-12 17:21:13Z INFO ConfigurationStore] CredFilePath: /Users/yahya/Desktop/gestion-des-salles-de-tp/actions-runner/.credentials
[2025-06-12 17:21:13Z INFO HostContext] Well known directory 'Bin': '/Users/yahya/Desktop/gestion-des-salles-de-tp/actions-runner/bin'
[2025-06-12 17:21:13Z INFO HostContext] Well known directory 'Root': '/Users/yahya/Desktop/gestion-des-salles-de-tp/actions-runner'
[2025-06-12 17:21:13Z INFO HostContext] Well known config file 'MigratedCredentials': '/Users/yahya/Desktop/gestion-des-salles-de-tp/actions-runner/.credentials_migrated'
[2025-06-12 17:21:13Z INFO ConfigurationStore] MigratedCredFilePath: /Users/yahya/Desktop/gestion-des-salles-de-tp/actions-runner/.credentials_migrated
[2025-06-12 17:21:13Z INFO HostContext] Well known directory 'Bin': '/Users/yahya/Desktop/gestion-des-salles-de-tp/actions-runner/bin'
[2025-06-12 17:21:13Z INFO HostContext] Well known directory 'Root': '/Users/yahya/Desktop/gestion-des-salles-de-tp/actions-runner'
[2025-06-12 17:21:13Z INFO HostContext] Well known config file 'Service': '/Users/yahya/Desktop/gestion-des-salles-de-tp/actions-runner/.service'
[2025-06-12 17:21:13Z INFO ConfigurationStore] ServiceConfigFilePath: /Users/yahya/Desktop/gestion-des-salles-de-tp/actions-runner/.service
[2025-06-12 17:21:13Z INFO CommandSettings] Flag 'help': 'False'
[2025-06-12 17:21:13Z INFO CommandSettings] Flag 'version': 'False'
[2025-06-12 17:21:13Z INFO CommandSettings] Flag 'commit': 'False'
[2025-06-12 17:21:13Z INFO CommandSettings] Flag 'check': 'False'
[2025-06-12 17:21:13Z INFO CommandSettings] Command 'configure': 'True'
[2025-06-12 17:21:13Z INFO Terminal] WRITE LINE: 
[2025-06-12 17:21:13Z INFO Terminal] WRITE LINE: --------------------------------------------------------------------------------
[2025-06-12 17:21:13Z INFO Terminal] WRITE LINE: |        ____ _ _   _   _       _          _        _   _                      |
[2025-06-12 17:21:13Z INFO Terminal] WRITE LINE: |       / ___(_) |_| | | |_   _| |__      / \   ___| |_(_) ___  _ __  ___      |
[2025-06-12 17:21:13Z INFO Terminal] WRITE LINE: |      | |  _| | __| |_| | | | | '_ \    / _ \ / __| __| |/ _ \| '_ \/ __|     |
[2025-06-12 17:21:13Z INFO Terminal] WRITE LINE: |      | |_| | | |_|  _  | |_| | |_) |  / ___ \ (__| |_| | (_) | | | \__ \     |
[2025-06-12 17:21:13Z INFO Terminal] WRITE LINE: |       \____|_|\__|_| |_|\__,_|_.__/  /_/   \_\___|\__|_|\___/|_| |_|___/     |
[2025-06-12 17:21:13Z INFO Terminal] WRITE LINE: |                                                                              |
[2025-06-12 17:21:13Z INFO Terminal] WRITE: |                       
[2025-06-12 17:21:13Z INFO Terminal] WRITE: Self-hosted runner registration
[2025-06-12 17:21:13Z INFO Terminal] WRITE LINE:                         |
[2025-06-12 17:21:13Z INFO Terminal] WRITE LINE: |                                                                              |
[2025-06-12 17:21:13Z INFO Terminal] WRITE LINE: --------------------------------------------------------------------------------
[2025-06-12 17:21:13Z INFO ConfigurationManager] ConfigureAsync
[2025-06-12 17:21:13Z INFO CommandSettings] Flag 'generateServiceConfig': 'False'
[2025-06-12 17:21:13Z INFO ConfigurationStore] IsConfigured()
[2025-06-12 17:21:13Z INFO ConfigurationStore] IsConfigured: False
[2025-06-12 17:21:13Z INFO ConfigurationManager] Is configured: False
[2025-06-12 17:21:13Z INFO CommandSettings] Arg 'url': 'https://github.com/Yahya-Elamri/gestion-des-salles-de-tp'
[2025-06-12 17:21:13Z INFO CommandSettings] Remove url from Arg dictionary.
[2025-06-12 17:21:13Z INFO CommandSettings] Arg 'token': '***'
[2025-06-12 17:21:13Z INFO CommandSettings] Remove token from Arg dictionary.
[2025-06-12 17:21:14Z INFO ConfigurationManager] Http response code: OK from 'POST https://api.github.com/actions/runner-registration' (CF64:2B28C0:1CBBF88:1D5B646:684B0C89)
[2025-06-12 17:21:14Z INFO ConfigurationManager] Using V2 flow: False
[2025-06-12 17:21:14Z INFO ConfigurationManager] cred retrieved via GitHub auth
[2025-06-12 17:21:14Z INFO RunnerServer] EstablishVssConnection
[2025-06-12 17:21:14Z INFO RunnerServer] Establish connection with 100 seconds timeout.
[2025-06-12 17:21:14Z INFO GitHubActionsService] Starting operation Location.GetConnectionData
[2025-06-12 17:21:14Z INFO RunnerServer] EstablishVssConnection
[2025-06-12 17:21:14Z INFO RunnerServer] Establish connection with 60 seconds timeout.
[2025-06-12 17:21:14Z INFO GitHubActionsService] Starting operation Location.GetConnectionData
[2025-06-12 17:21:14Z INFO RunnerServer] EstablishVssConnection
[2025-06-12 17:21:14Z INFO RunnerServer] Establish connection with 60 seconds timeout.
[2025-06-12 17:21:14Z INFO GitHubActionsService] Starting operation Location.GetConnectionData
[2025-06-12 17:21:15Z INFO GitHubActionsService] Finished operation Location.GetConnectionData
[2025-06-12 17:21:15Z INFO GitHubActionsService] Finished operation Location.GetConnectionData
[2025-06-12 17:21:15Z INFO GitHubActionsService] Finished operation Location.GetConnectionData
[2025-06-12 17:21:15Z INFO Terminal] WRITE LINE: 
[2025-06-12 17:21:15Z INFO ConfigurationManager] Test Connection complete.
[2025-06-12 17:21:15Z INFO HostContext] Well known directory 'Bin': '/Users/yahya/Desktop/gestion-des-salles-de-tp/actions-runner/bin'
[2025-06-12 17:21:15Z INFO HostContext] Well known directory 'Root': '/Users/yahya/Desktop/gestion-des-salles-de-tp/actions-runner'
[2025-06-12 17:21:15Z INFO HostContext] Well known config file 'RSACredentials': '/Users/yahya/Desktop/gestion-des-salles-de-tp/actions-runner/.credentials_rsaparams'
[2025-06-12 17:21:15Z INFO RSAFileKeyManager] Creating new RSA key using 2048-bit key length
[2025-06-12 17:21:15Z INFO RSAFileKeyManager] Successfully saved RSA key parameters to file /Users/yahya/Desktop/gestion-des-salles-de-tp/actions-runner/.credentials_rsaparams
[2025-06-12 17:21:15Z INFO RSAFileKeyManager] Which2: 'chmod'
[2025-06-12 17:21:15Z INFO RSAFileKeyManager] Location: '/bin/chmod'
[2025-06-12 17:21:15Z INFO HostContext] Well known directory 'Bin': '/Users/yahya/Desktop/gestion-des-salles-de-tp/actions-runner/bin'
[2025-06-12 17:21:15Z INFO HostContext] Well known directory 'Root': '/Users/yahya/Desktop/gestion-des-salles-de-tp/actions-runner'
[2025-06-12 17:21:15Z INFO ProcessInvokerWrapper] Starting process:
[2025-06-12 17:21:15Z INFO ProcessInvokerWrapper]   File name: '/bin/chmod'
[2025-06-12 17:21:15Z INFO ProcessInvokerWrapper]   Arguments: '600 /Users/yahya/Desktop/gestion-des-salles-de-tp/actions-runner/.credentials_rsaparams'
[2025-06-12 17:21:15Z INFO ProcessInvokerWrapper]   Working directory: '/Users/yahya/Desktop/gestion-des-salles-de-tp/actions-runner'
[2025-06-12 17:21:15Z INFO ProcessInvokerWrapper]   Require exit code zero: 'False'
[2025-06-12 17:21:15Z INFO ProcessInvokerWrapper]   Encoding web name:  ; code page: ''
[2025-06-12 17:21:15Z INFO ProcessInvokerWrapper]   Force kill process on cancellation: 'False'
[2025-06-12 17:21:15Z INFO ProcessInvokerWrapper]   Redirected STDIN: 'False'
[2025-06-12 17:21:15Z INFO ProcessInvokerWrapper]   Persist current code page: 'False'
[2025-06-12 17:21:15Z INFO ProcessInvokerWrapper]   Keep redirected STDIN open: 'False'
[2025-06-12 17:21:15Z INFO ProcessInvokerWrapper]   High priority process: 'False'
[2025-06-12 17:21:15Z INFO ProcessInvokerWrapper] Process started with process id 82500, waiting for process exit.
[2025-06-12 17:21:15Z INFO ProcessInvokerWrapper] STDOUT/STDERR stream read finished.
[2025-06-12 17:21:15Z INFO ProcessInvokerWrapper] STDOUT/STDERR stream read finished.
[2025-06-12 17:21:15Z INFO ProcessInvokerWrapper] Finished process 82500 with exit code 0, and elapsed time 00:00:00.0211428.
[2025-06-12 17:21:15Z INFO RSAFileKeyManager] Successfully set permissions for RSA key parameters file /Users/yahya/Desktop/gestion-des-salles-de-tp/actions-runner/.credentials_rsaparams
[2025-06-12 17:21:15Z INFO CommandSettings] Arg 'runnergroup': ''
[2025-06-12 17:21:15Z INFO CommandSettings] Flag 'unattended': 'False'
[2025-06-12 17:21:15Z INFO PromptManager] ReadValue
[2025-06-12 17:21:15Z INFO Terminal] WRITE: Enter the name of the runner group to add this runner to: 
[2025-06-12 17:21:15Z INFO Terminal] WRITE: [press Enter for Default] 
[2025-06-12 17:21:15Z INFO Terminal] READ LINE
[2025-06-12 17:21:51Z INFO Terminal] Read value: ''
[2025-06-12 17:21:51Z INFO PromptManager] Falling back to the default: 'Default'
[2025-06-12 17:21:51Z INFO Terminal] WRITE LINE: 
[2025-06-12 17:21:51Z INFO ConfigurationManager] Found a self-hosted runner group with id 1 and name Default
[2025-06-12 17:21:51Z INFO CommandSettings] Flag 'disableupdate': 'False'
[2025-06-12 17:21:51Z INFO CommandSettings] Flag 'ephemeral': 'False'
[2025-06-12 17:21:51Z INFO CommandSettings] Arg 'name': ''
[2025-06-12 17:21:51Z INFO CommandSettings] Flag 'unattended': 'False'
[2025-06-12 17:21:51Z INFO PromptManager] ReadValue
[2025-06-12 17:21:51Z INFO Terminal] WRITE: Enter the name of runner: 
[2025-06-12 17:21:51Z INFO Terminal] WRITE: [press Enter for 192] 
[2025-06-12 17:21:51Z INFO Terminal] READ LINE
[2025-06-12 17:22:10Z INFO Terminal] Read value: ''
[2025-06-12 17:22:10Z INFO PromptManager] Falling back to the default: '192'
[2025-06-12 17:22:10Z INFO Terminal] WRITE LINE: 
[2025-06-12 17:22:10Z INFO CommandSettings] Arg 'labels': ''
[2025-06-12 17:22:10Z INFO CommandSettings] Flag 'unattended': 'False'
[2025-06-12 17:22:10Z INFO PromptManager] ReadValue
[2025-06-12 17:22:10Z INFO Terminal] WRITE: This runner will have the following labels: 'self-hosted', 'macOS', 'ARM64' 
Enter any additional labels (ex. label-1,label-2): 
[2025-06-12 17:22:10Z INFO Terminal] WRITE: [press Enter to skip] 
[2025-06-12 17:22:10Z INFO Terminal] READ LINE
[2025-06-12 17:22:16Z INFO Terminal] Read value: ''
[2025-06-12 17:22:16Z INFO Terminal] WRITE LINE: 
[2025-06-12 17:22:16Z INFO CommandSettings] Flag 'disableupdate': 'False'
[2025-06-12 17:22:16Z INFO CommandSettings] Flag 'no-default-labels': 'False'
[2025-06-12 17:22:16Z INFO CommandSettings] Flag 'disableupdate': 'False'
[2025-06-12 17:22:16Z INFO CommandSettings] Flag 'ephemeral': 'False'
[2025-06-12 17:22:16Z INFO ConfigurationStore] Saving OAuth credential @ /Users/yahya/Desktop/gestion-des-salles-de-tp/actions-runner/.credentials
[2025-06-12 17:22:16Z INFO ConfigurationStore] Credentials Saved.
[2025-06-12 17:22:16Z INFO ConfigurationStore] HasCredentials()
[2025-06-12 17:22:16Z INFO ConfigurationStore] stored True
[2025-06-12 17:22:16Z INFO CredentialManager] GetCredentialProvider
[2025-06-12 17:22:16Z INFO CredentialManager] Creating type OAuth
[2025-06-12 17:22:16Z INFO CredentialManager] Creating credential type: OAuth
[2025-06-12 17:22:16Z INFO RSAFileKeyManager] Loading RSA key parameters from file /Users/yahya/Desktop/gestion-des-salles-de-tp/actions-runner/.credentials_rsaparams
[2025-06-12 17:22:16Z INFO RunnerServer] EstablishVssConnection
[2025-06-12 17:22:16Z INFO RunnerServer] Establish connection with 100 seconds timeout.
[2025-06-12 17:22:16Z INFO GitHubActionsService] Starting operation Location.GetConnectionData
[2025-06-12 17:22:16Z INFO RunnerServer] EstablishVssConnection
[2025-06-12 17:22:16Z INFO RunnerServer] Establish connection with 60 seconds timeout.
[2025-06-12 17:22:16Z INFO GitHubActionsService] Starting operation Location.GetConnectionData
[2025-06-12 17:22:16Z INFO RunnerServer] EstablishVssConnection
[2025-06-12 17:22:16Z INFO RunnerServer] Establish connection with 60 seconds timeout.
[2025-06-12 17:22:16Z INFO GitHubActionsService] Starting operation Location.GetConnectionData
[2025-06-12 17:22:17Z INFO GitHubActionsService] Finished operation Location.GetConnectionData
[2025-06-12 17:22:17Z INFO GitHubActionsService] Finished operation Location.GetConnectionData
[2025-06-12 17:22:17Z INFO GitHubActionsService] Finished operation Location.GetConnectionData
[2025-06-12 17:22:17Z INFO RSAFileKeyManager] Loading RSA key parameters from file /Users/yahya/Desktop/gestion-des-salles-de-tp/actions-runner/.credentials_rsaparams
[2025-06-12 17:22:17Z INFO RSAFileKeyManager] Loading RSA key parameters from file /Users/yahya/Desktop/gestion-des-salles-de-tp/actions-runner/.credentials_rsaparams
[2025-06-12 17:22:18Z INFO GitHubActionsService] AAD Correlation ID for this token request: Unknown
[2025-06-12 17:22:18Z INFO ConfigurationManager] Service enforced serverUrlV2: https://broker.actions.githubusercontent.com/
[2025-06-12 17:22:18Z INFO ConfigurationManager] Service enforced useV2Flow: True
[2025-06-12 17:22:18Z INFO CommandSettings] Arg 'work': ''
[2025-06-12 17:22:18Z INFO CommandSettings] Flag 'unattended': 'False'
[2025-06-12 17:22:18Z INFO PromptManager] ReadValue
[2025-06-12 17:22:18Z INFO Terminal] WRITE: Enter name of work folder: 
[2025-06-12 17:22:18Z INFO Terminal] WRITE: [press Enter for _work] 
[2025-06-12 17:22:18Z INFO Terminal] READ LINE
[2025-06-12 17:22:24Z INFO Terminal] Read value: ''
[2025-06-12 17:22:24Z INFO PromptManager] Falling back to the default: '_work'
[2025-06-12 17:22:24Z INFO ConfigurationStore] Saving runner settings.
[2025-06-12 17:22:24Z INFO ConfigurationStore] Settings Saved.
[2025-06-12 17:22:24Z INFO Terminal] WRITE LINE: 
[2025-06-12 17:22:24Z INFO Terminal] WRITE LINE: 
[2025-06-12 17:22:24Z INFO OsxServiceControlManager] Service name 'actions.runner.Yahya-Elamri-gestion-des-salles-de-tp.192' display name 'GitHub Actions Runner (Yahya-Elamri-gestion-des-salles-de-tp.192)' will be used for service configuration.
[2025-06-12 17:22:24Z INFO HostContext] Well known directory 'Bin': '/Users/yahya/Desktop/gestion-des-salles-de-tp/actions-runner/bin'
[2025-06-12 17:22:24Z INFO HostContext] Well known directory 'Root': '/Users/yahya/Desktop/gestion-des-salles-de-tp/actions-runner'
[2025-06-12 17:22:24Z INFO HostContext] Well known directory 'Bin': '/Users/yahya/Desktop/gestion-des-salles-de-tp/actions-runner/bin'
[2025-06-12 17:22:24Z INFO HostContext] Well known directory 'Bin': '/Users/yahya/Desktop/gestion-des-salles-de-tp/actions-runner/bin'
[2025-06-12 17:22:24Z INFO HostContext] Well known directory 'Root': '/Users/yahya/Desktop/gestion-des-salles-de-tp/actions-runner'
[2025-06-12 17:22:24Z INFO UnixUtil] Which2: 'chmod'
[2025-06-12 17:22:24Z INFO UnixUtil] Location: '/bin/chmod'
[2025-06-12 17:22:24Z INFO UnixUtil] Running /bin/chmod 755 "/Users/yahya/Desktop/gestion-des-salles-de-tp/actions-runner/svc.sh"
[2025-06-12 17:22:24Z INFO ProcessInvokerWrapper] Starting process:
[2025-06-12 17:22:24Z INFO ProcessInvokerWrapper]   File name: '/bin/chmod'
[2025-06-12 17:22:24Z INFO ProcessInvokerWrapper]   Arguments: '755 "/Users/yahya/Desktop/gestion-des-salles-de-tp/actions-runner/svc.sh"'
[2025-06-12 17:22:24Z INFO ProcessInvokerWrapper]   Working directory: '/Users/yahya/Desktop/gestion-des-salles-de-tp/actions-runner'
[2025-06-12 17:22:24Z INFO ProcessInvokerWrapper]   Require exit code zero: 'True'
[2025-06-12 17:22:24Z INFO ProcessInvokerWrapper]   Encoding web name:  ; code page: ''
[2025-06-12 17:22:24Z INFO ProcessInvokerWrapper]   Force kill process on cancellation: 'False'
[2025-06-12 17:22:24Z INFO ProcessInvokerWrapper]   Redirected STDIN: 'False'
[2025-06-12 17:22:24Z INFO ProcessInvokerWrapper]   Persist current code page: 'False'
[2025-06-12 17:22:24Z INFO ProcessInvokerWrapper]   Keep redirected STDIN open: 'False'
[2025-06-12 17:22:24Z INFO ProcessInvokerWrapper]   High priority process: 'False'
[2025-06-12 17:22:24Z INFO ProcessInvokerWrapper] Process started with process id 82714, waiting for process exit.
[2025-06-12 17:22:24Z INFO ProcessInvokerWrapper] STDOUT/STDERR stream read finished.
[2025-06-12 17:22:24Z INFO ProcessInvokerWrapper] STDOUT/STDERR stream read finished.
[2025-06-12 17:22:24Z INFO ProcessInvokerWrapper] Finished process 82714 with exit code 0, and elapsed time 00:00:00.0375748.
[2025-06-12 17:22:24Z INFO Listener] Runner execution has finished with return code 0
